<?xml version="1.0" encoding="UTF-8"?>
<testng-results ignored="0" total="1" passed="1" failed="0" skipped="0">
  <reporter-output>
  </reporter-output>
  <suite started-at="2024-05-11T14:39:09 IST" name="Default suite" finished-at="2024-05-11T14:40:39 IST" duration-ms="89750">
    <groups>
    </groups>
    <test started-at="2024-05-11T14:39:09 IST" name="Default test" finished-at="2024-05-11T14:40:39 IST" duration-ms="89750">
      <class name="exploreMusicPlayer.ExploreMusicPlayer">
        <test-method signature="exploreMusicPlayer()[pri:0, instance:exploreMusicPlayer.ExploreMusicPlayer@738dc9b]" started-at="2024-05-11T14:39:09 IST" name="exploreMusicPlayer" finished-at="2024-05-11T14:40:39 IST" duration-ms="89706" status="PASS">
          <reporter-output>
          </reporter-output>
        </test-method> <!-- exploreMusicPlayer -->
      </class> <!-- exploreMusicPlayer.ExploreMusicPlayer -->
    </test> <!-- Default test -->
  </suite> <!-- Default suite -->
</testng-results>
