<?xml version="1.0" encoding="UTF-8"?>
<testng-results ignored="0" total="1" passed="1" failed="0" skipped="0">
  <reporter-output>
  </reporter-output>
  <suite started-at="2023-08-15T00:00:41 IST" name="Default suite" finished-at="2023-08-15T00:01:31 IST" duration-ms="50167">
    <groups>
    </groups>
    <test started-at="2023-08-15T00:00:41 IST" name="Default test" finished-at="2023-08-15T00:01:31 IST" duration-ms="50167">
      <class name="exploreMusicPlayer.ExploreMusicPlayer">
        <test-method signature="exploreMusicPlayer()[pri:0, instance:exploreMusicPlayer.ExploreMusicPlayer@19d481b]" started-at="2023-08-15T00:00:41 IST" name="exploreMusicPlayer" finished-at="2023-08-15T00:01:31 IST" duration-ms="50140" status="PASS">
          <reporter-output>
          </reporter-output>
        </test-method> <!-- exploreMusicPlayer -->
      </class> <!-- exploreMusicPlayer.ExploreMusicPlayer -->
    </test> <!-- Default test -->
  </suite> <!-- Default suite -->
</testng-results>
